<?xml version="1.0" encoding="UTF-8"?>
<testng-results skipped="0" failed="0" ignored="0" total="1" passed="1">
  <reporter-output>
  </reporter-output>
  <suite name="Default suite" duration-ms="108994" started-at="2020-09-07T15:46:32Z" finished-at="2020-09-07T15:48:21Z">
    <groups>
    </groups>
    <test name="Default test" duration-ms="108994" started-at="2020-09-07T15:46:32Z" finished-at="2020-09-07T15:48:21Z">
      <class name="tests.AllTests">
        <test-method status="PASS" signature="createTicket()[pri:0, instance:tests.AllTests@1623b78d]" name="createTicket" duration-ms="108935" started-at="2020-09-07T15:46:32Z" finished-at="2020-09-07T15:48:21Z">
          <reporter-output>
          </reporter-output>
        </test-method> <!-- createTicket -->
      </class> <!-- tests.AllTests -->
    </test> <!-- Default test -->
  </suite> <!-- Default suite -->
</testng-results>
